<?xml version="1.0" encoding="UTF-8" ?>
<!DOCTYPE sqlMap PUBLIC "-//iBATIS.com//DTD SQL Map 2.0//EN" "http://www.ibatis.com/dtd/sql-map-2.dtd">

<!-- ==========================================================  -->
<!-- Configuration for ibatis sqlmap mapping.                    -->
<!-- ==========================================================  -->

<!-- ============================================================================= -->
<!-- This file is generated by <tt>specialmer-dalgen</tt>, a DAL (Data Access Layer)  -->
<!-- code generation utility specially developed for <tt>rent</tt> project.     -->
<!--                                                                               -->
<!-- PLEASE DO NOT MODIFY THIS FILE MANUALLY, or else your modification may be     -->
<!-- OVERWRITTEN by someone else. To modify the file, you should go to directory   -->
<!-- <tt>(project-home)/biz/dal/src/conf/dalgen</tt>, and find the corresponding   -->
<!-- configuration files. Modify those files according to your needs, then run     -->
<!-- <tt>specialmer-dalgen</tt> to generate this file.                                -->
<!--                                                                               -->
<!-- @author peigen                                                             -->
<!-- ============================================================================= -->

<sqlMap namespace="specialmer">
    <!-- ============================================= -->
    <!-- RESULT MAPS                                   -->
    <!-- ============================================= -->

    <!-- result maps for database table test -->
    <resultMap id="RM-TEST" class="com.born.fcs.rm.dal.dataobject.TestDO">
        <result property="testId" column="test_id" javaType="long" jdbcType="BIGINT" nullValue="0"/>
        <result property="testKey" column="test_key" javaType="java.lang.String" jdbcType="VARCHAR"/>
        <result property="testValue" column="test_value" javaType="java.lang.String" jdbcType="VARCHAR"/>
    </resultMap>


    <!-- ============================================= -->
    <!-- mapped statements for IbatisTestDAO -->
    <!-- ============================================= -->
    <!-- mapped statement for IbatisTestDAO.insert -->
    <insert id="MS-TEST-INSERT">
        INSERT /*MS-YRD-TEST-INSERT*/ INTO test(test_key,test_value)
		   VALUES (#testKey#,#testValue#)
	       <selectKey  resultClass ="long"  keyProperty ="testId" >
		          		 SELECT LAST_INSERT_ID() AS ID
		      	</selectKey>
    </insert>

    <!-- mapped statement for IbatisTestDAO.update -->
    <update id="MS-TEST-UPDATE">
    <![CDATA[
        update /*MS-YRD-TEST-UPDATE*/ test set test_key=#testKey#, test_value=#testValue# where (test_id = #testId#)
    ]]>
    </update>

    <!-- mapped statement for IbatisTestDAO.findById -->
    <select id="MS-TEST-FIND-BY-ID" resultMap="RM-TEST">
    <![CDATA[
        select /*MS-YRD-TEST-FIND-BY-ID*/ * from test where (test_id = #value#)
    ]]>
    </select>

    <!-- mapped statement for IbatisTestDAO.deleteById -->
    <delete id="MS-TEST-DELETE-BY-ID">
    <![CDATA[
        delete /*MS-YRD-TEST-DELETE-BY-ID*/ from test where (test_id = #value#)
    ]]>
    </delete>

    <!-- mapped statement for IbatisTestDAO.findByConditionCount -->
    <select id="MS-TEST-FIND-BY-CONDITION-COUNT" resultClass="long">
        SELECT /*MS-YRD-TEST-FIND-BY-CONDITION-COUNT*/  count(*)  FROM test WHERE  1=1
	        <dynamic>

	        </dynamic>
    </select>

    <!-- mapped statement for IbatisTestDAO.findByCondition -->
    <select id="MS-TEST-FIND-BY-CONDITION" resultMap="RM-TEST">
        SELECT /*MS-YRD-TEST-FIND-BY-CONDITION*/ * from test where 1=1
	        <dynamic>
	        </dynamic>
	        <isNotEmpty property="sortCol" prepend=" order by ">
            $sortCol$
            <isNotEmpty property="sortOrder">
                $sortOrder$
            </isNotEmpty>
        </isNotEmpty>
        <isEmpty property="sortCol" prepend=" ">
            ORDER BY test_id DESC
        </isEmpty>
            LIMIT #limitStart#,#pageSize#;
    </select>

</sqlMap>
